WARNING: An illegal reflective access operation has occurred
WARNING: Illegal reflective access by org.apache.hadoop.security.authentication.util.KerberosUtil (file:/E:/gitlab.com/master_informatique/122-EDBD/TP/map_reduce/TpNoter/Java/lib-dev/hadoop-core.jar) to method sun.security.krb5.Config.getInstance()
WARNING: Please consider reporting this to the maintainers of org.apache.hadoop.security.authentication.util.KerberosUtil
WARNING: Use --illegal-access=warn to enable warnings of further illegal reflective access operations
WARNING: All illegal access operations will be denied in a future release
Patch for HADOOP-7682: Instantiating workaround file system
Unable to load native-hadoop library for your platform... using builtin-java classes where applicable
Patch for HADOOP-7682: Ignoring IOException setting persmission for path "file:/tmp/hadoop-awertty/mapred/staging/awertty-1913069468/.staging": Failed to set permissions of path: \tmp\hadoop-awertty\mapred\staging\awertty-1913069468\.staging to 0700
Use GenericOptionsParser for parsing the arguments. Applications should implement Tool for the same.
Patch for HADOOP-7682: Ignoring IOException setting persmission for path "file:/tmp/hadoop-awertty/mapred/staging/awertty-1913069468/.staging/job_local_0001": Failed to set permissions of path: \tmp\hadoop-awertty\mapred\staging\awertty-1913069468\.staging\job_local_0001 to 0700
No job jar file set.  User classes may not be found. See JobConf(Class) or JobConf#setJar(String).
Total input paths to process : 3
Snappy native library not loaded
Patch for HADOOP-7682: Ignoring IOException setting persmission for path "file:/tmp/hadoop-awertty/mapred/staging/awertty-1913069468/.staging/job_local_0001/job.split": Failed to set permissions of path: \tmp\hadoop-awertty\mapred\staging\awertty-1913069468\.staging\job_local_0001\job.split to 0644
Patch for HADOOP-7682: Ignoring IOException setting persmission for path "file:/tmp/hadoop-awertty/mapred/staging/awertty-1913069468/.staging/job_local_0001/job.splitmetainfo": Failed to set permissions of path: \tmp\hadoop-awertty\mapred\staging\awertty-1913069468\.staging\job_local_0001\job.splitmetainfo to 0644
Patch for HADOOP-7682: Ignoring IOException setting persmission for path "file:/tmp/hadoop-awertty/mapred/staging/awertty-1913069468/.staging/job_local_0001/job.xml": Failed to set permissions of path: \tmp\hadoop-awertty\mapred\staging\awertty-1913069468\.staging\job_local_0001\job.xml to 0644
Running job: job_local_0001
 Using ResourceCalculatorPlugin : null
io.sort.mb = 100
data buffer = 79691776/99614720
record buffer = 262144/327680
Starting flush of map output
Finished spill 0
Task:attempt_local_0001_m_000000_0 is done. And is in the process of commiting
 map 0% reduce 0%

Task 'attempt_local_0001_m_000000_0' done.
 Using ResourceCalculatorPlugin : null
io.sort.mb = 100
data buffer = 79691776/99614720
record buffer = 262144/327680
Starting flush of map output
Finished spill 0
Task:attempt_local_0001_m_000001_0 is done. And is in the process of commiting
 map 100% reduce 0%

Task 'attempt_local_0001_m_000001_0' done.
 Using ResourceCalculatorPlugin : null
io.sort.mb = 100
data buffer = 79691776/99614720
record buffer = 262144/327680
Starting flush of map output
Finished spill 0
Task:attempt_local_0001_m_000002_0 is done. And is in the process of commiting

Task 'attempt_local_0001_m_000002_0' done.
 Using ResourceCalculatorPlugin : null

Merging 3 sorted segments
Down to the last merge-pass, with 3 segments left of total size: 3128 bytes

Task:attempt_local_0001_r_000000_0 is done. And is in the process of commiting

Task attempt_local_0001_r_000000_0 is allowed to commit now
Saved output of task 'attempt_local_0001_r_000000_0' to output/input-output-hashjoin-10-2
reduce > reduce
Task 'attempt_local_0001_r_000000_0' done.
 map 100% reduce 100%
Job complete: job_local_0001
Counters: 17
  Map-Reduce Framework
    Spilled Records=228
    Map output materialized bytes=3140
    Reduce input records=114
    Map input records=65
    SPLIT_RAW_BYTES=558
    Map output bytes=2894
    Reduce shuffle bytes=0
    Reduce input groups=53
    Combine output records=0
    Reduce output records=0
    Map output records=114
    Combine input records=0
    Total committed heap usage (bytes)=1774190592
  File Input Format Counters
    Bytes Read=3158
  FileSystemCounters
    FILE_BYTES_WRITTEN=144438
    FILE_BYTES_READ=18805
  File Output Format Counters
    Bytes Written=8